Using pre-set license
Built from '2021.3/staging' branch; Version is '2021.3.6f1 (7da38d85baf6) revision 8233869'; Using compiler version '192829333'; Build Type 'Release'
OS: 'Windows 10  (10.0.19044) 64bit EducationN' Language: 'en' Physical Memory: 32687 MB
BatchMode: 1, IsHumanControllingUs: 0, StartBugReporterOnCrash: 0, Is64bit: 1, IsPro: 1

COMMAND LINE ARGUMENTS:
C:\Program Files\Unity\Hub\Editor\2021.3.6f1\Editor\Unity.exe
-adb2
-batchMode
-noUpm
-name
AssetImportWorker0
-projectPath
C:/Users/panda/Downloads/WalletConnectUnity-main (1)/WalletConnectUnity-main
-logFile
Logs/AssetImportWorker0.log
-srvPort
57687
Successfully changed project path to: C:/Users/panda/Downloads/WalletConnectUnity-main (1)/WalletConnectUnity-main
C:/Users/panda/Downloads/WalletConnectUnity-main (1)/WalletConnectUnity-main
[UnityMemory] Configuration Parameters - Can be set up in boot.config
    "memorysetup-bucket-allocator-granularity=16"
    "memorysetup-bucket-allocator-bucket-count=8"
    "memorysetup-bucket-allocator-block-size=33554432"
    "memorysetup-bucket-allocator-block-count=8"
    "memorysetup-main-allocator-block-size=16777216"
    "memorysetup-thread-allocator-block-size=16777216"
    "memorysetup-gfx-main-allocator-block-size=16777216"
    "memorysetup-gfx-thread-allocator-block-size=16777216"
    "memorysetup-cache-allocator-block-size=4194304"
    "memorysetup-typetree-allocator-block-size=2097152"
    "memorysetup-profiler-bucket-allocator-granularity=16"
    "memorysetup-profiler-bucket-allocator-bucket-count=8"
    "memorysetup-profiler-bucket-allocator-block-size=33554432"
    "memorysetup-profiler-bucket-allocator-block-count=8"
    "memorysetup-profiler-allocator-block-size=16777216"
    "memorysetup-profiler-editor-allocator-block-size=1048576"
    "memorysetup-temp-allocator-size-main=16777216"
    "memorysetup-job-temp-allocator-block-size=2097152"
    "memorysetup-job-temp-allocator-block-size-background=1048576"
    "memorysetup-job-temp-allocator-reduction-small-platforms=262144"
    "memorysetup-temp-allocator-size-background-worker=32768"
    "memorysetup-temp-allocator-size-job-worker=262144"
    "memorysetup-temp-allocator-size-preload-manager=33554432"
    "memorysetup-temp-allocator-size-nav-mesh-worker=65536"
    "memorysetup-temp-allocator-size-audio-worker=65536"
    "memorysetup-temp-allocator-size-cloud-worker=32768"
    "memorysetup-temp-allocator-size-gi-baking-worker=262144"
    "memorysetup-temp-allocator-size-gfx=262144"
Refreshing native plugins compatible for Editor in 116.55 ms, found 2 plugins.
Preloading 0 native plugins for Editor in 0.00 ms.
Initialize engine version: 2021.3.6f1 (7da38d85baf6)
[Subsystems] Discovering subsystems at path C:/Program Files/Unity/Hub/Editor/2021.3.6f1/Editor/Data/Resources/UnitySubsystems
[Subsystems] Discovering subsystems at path C:/Users/panda/Downloads/WalletConnectUnity-main (1)/WalletConnectUnity-main/Assets
GfxDevice: creating device client; threaded=0; jobified=0
Direct3D:
    Version:  Direct3D 11.0 [level 11.1]
    Renderer: NVIDIA GeForce GTX 1080 (ID=0x1b80)
    Vendor:   NVIDIA
    VRAM:     8079 MB
    Driver:   31.0.15.1694
Initialize mono
Mono path[0] = 'C:/Program Files/Unity/Hub/Editor/2021.3.6f1/Editor/Data/Managed'
Mono path[1] = 'C:/Program Files/Unity/Hub/Editor/2021.3.6f1/Editor/Data/MonoBleedingEdge/lib/mono/unityjit-win32'
Mono config path = 'C:/Program Files/Unity/Hub/Editor/2021.3.6f1/Editor/Data/MonoBleedingEdge/etc'
Using monoOptions --debugger-agent=transport=dt_socket,embedding=1,server=y,suspend=n,address=127.0.0.1:56352
Begin MonoManager ReloadAssembly
Registering precompiled unity dll's ...
Register platform support module: C:/Program Files/Unity/Hub/Editor/2021.3.6f1/Editor/Data/PlaybackEngines/WindowsStandaloneSupport/UnityEditor.WindowsStandalone.Extensions.dll
Registered in 0.017395 seconds.
Native extension for WindowsStandalone target not found
Refreshing native plugins compatible for Editor in 86.83 ms, found 2 plugins.
Preloading 0 native plugins for Editor in 0.00 ms.
Mono: successfully reloaded assembly
- Completed reload, in  1.139 seconds
Domain Reload Profiling:
	ReloadAssembly (1140ms)
		BeginReloadAssembly (126ms)
			ExecutionOrderSort (0ms)
			DisableScriptedObjects (0ms)
			BackupInstance (0ms)
			ReleaseScriptingObjects (0ms)
			CreateAndSetChildDomain (1ms)
		EndReloadAssembly (766ms)
			LoadAssemblies (119ms)
			RebuildTransferFunctionScriptingTraits (0ms)
			SetupTypeCache (193ms)
			ReleaseScriptCaches (0ms)
			RebuildScriptCaches (48ms)
			SetupLoadedEditorAssemblies (434ms)
				LogAssemblyErrors (0ms)
				InitializePlatformSupportModulesInManaged (15ms)
				SetLoadedEditorAssemblies (0ms)
				RefreshPlugins (87ms)
				BeforeProcessingInitializeOnLoad (2ms)
				ProcessInitializeOnLoadAttributes (247ms)
				ProcessInitializeOnLoadMethodAttributes (82ms)
				AfterProcessingInitializeOnLoad (0ms)
				EditorAssembliesLoaded (0ms)
			ExecutionOrderSort2 (0ms)
			AwakeInstancesAfterBackupRestoration (0ms)
Platform modules already initialized, skipping
Registering precompiled user dll's ...
Registered in 0.017986 seconds.
Begin MonoManager ReloadAssembly
Native extension for WindowsStandalone target not found
Refreshing native plugins compatible for Editor in 1.06 ms, found 2 plugins.
Preloading 0 native plugins for Editor in 0.00 ms.
Package Manager log level set to [2]
Mono: successfully reloaded assembly
- Completed reload, in  1.957 seconds
Domain Reload Profiling:
	ReloadAssembly (1958ms)
		BeginReloadAssembly (208ms)
			ExecutionOrderSort (0ms)
			DisableScriptedObjects (10ms)
			BackupInstance (0ms)
			ReleaseScriptingObjects (0ms)
			CreateAndSetChildDomain (26ms)
		EndReloadAssembly (1548ms)
			LoadAssemblies (167ms)
			RebuildTransferFunctionScriptingTraits (0ms)
			SetupTypeCache (367ms)
			ReleaseScriptCaches (1ms)
			RebuildScriptCaches (84ms)
			SetupLoadedEditorAssemblies (871ms)
				LogAssemblyErrors (0ms)
				InitializePlatformSupportModulesInManaged (22ms)
				SetLoadedEditorAssemblies (1ms)
				RefreshPlugins (1ms)
				BeforeProcessingInitializeOnLoad (156ms)
				ProcessInitializeOnLoadAttributes (360ms)
				ProcessInitializeOnLoadMethodAttributes (310ms)
				AfterProcessingInitializeOnLoad (21ms)
				EditorAssembliesLoaded (0ms)
			ExecutionOrderSort2 (0ms)
			AwakeInstancesAfterBackupRestoration (12ms)
Platform modules already initialized, skipping
========================================================================
Worker process is ready to serve import requests
Launched and connected shader compiler UnityShaderCompiler.exe after 0.07 seconds
Refreshing native plugins compatible for Editor in 1.06 ms, found 2 plugins.
Preloading 0 native plugins for Editor in 0.00 ms.
Unloading 2579 Unused Serialized files (Serialized files now loaded: 0)
Unloading 65 unused Assets / (56.3 KB). Loaded Objects now: 3007.
Memory consumption went from 97.0 MB to 96.9 MB.
Total: 9.282600 ms (FindLiveObjects: 0.282600 ms CreateObjectMapping: 0.129400 ms MarkObjects: 8.719200 ms  DeleteObjects: 0.149700 ms)

AssetImportParameters requested are different than current active one (requested -> active):
  custom:video-decoder-ogg-theora: a1e56fd34408186e4bbccfd4996cb3dc -> 
  custom:container-muxer-webm: aa71ff27fc2769a1b78a27578f13a17b -> 
  custom:container-demuxer-webm: 4f35f7cbe854078d1ac9338744f61a02 -> 
  custom:video-encoder-webm-vp8: eb34c28f22e8b96e1ab97ce403110664 -> 
  custom:audio-encoder-webm-vorbis: bf7c407c2cedff20999df2af8eb42d56 -> 
  custom:framework-win-MediaFoundation: 216162199b28c13a410421893ffa2e32 -> 
  custom:container-demuxer-ogg: 62fdf1f143b41e24485cea50d1cbac27 -> 
  custom:video-decoder-webm-vp8: 9c59270c3fd7afecdb556c50c9e8de78 -> 
  custom:audio-decoder-ogg-vorbis: bf7c407c2cedff20999df2af8eb42d56 -> 
========================================================================
Received Import Request.
  Time since last request: 255285.617484 seconds.
  path: Assets/WalletConnectUnity
  artifactKey: Guid(7bab0edd1c9bf9e448ccac9759517b0a) Importer(815301076,1909f56bfc062723c751e8b465ee728b)
Start importing Assets/WalletConnectUnity using Guid(7bab0edd1c9bf9e448ccac9759517b0a) Importer(815301076,1909f56bfc062723c751e8b465ee728b)  -> (artifact id: 'f95820b4b73b69b6adb2eda55d157b11') in 0.015320 seconds 
========================================================================
Received Import Request.
  Time since last request: 0.000035 seconds.
  path: Assets/WalletConnectUnity/Scripts/WalletConnectSharp.Unity
  artifactKey: Guid(c97ad1277a3ba3649ba3fd901aff78ac) Importer(815301076,1909f56bfc062723c751e8b465ee728b)
Start importing Assets/WalletConnectUnity/Scripts/WalletConnectSharp.Unity using Guid(c97ad1277a3ba3649ba3fd901aff78ac) Importer(815301076,1909f56bfc062723c751e8b465ee728b)  -> (artifact id: '6159910b4145c83cfb53b7741f3e3e33') in 0.012246 seconds 
========================================================================
Received Import Request.
  Time since last request: 0.000034 seconds.
  path: Assets/WalletConnectUnity/Demo
  artifactKey: Guid(e25748cb202472f4fa8ff70c9c535257) Importer(815301076,1909f56bfc062723c751e8b465ee728b)
Start importing Assets/WalletConnectUnity/Demo using Guid(e25748cb202472f4fa8ff70c9c535257) Importer(815301076,1909f56bfc062723c751e8b465ee728b)  -> (artifact id: 'f6345240a6ab8ac455d3fb16d9aa8be7') in 0.009771 seconds 
========================================================================
Received Import Request.
  Time since last request: 1.518403 seconds.
  path: Assets/WalletConnectUnity/Demo/Full Session
  artifactKey: Guid(aa7eaecefa43ee44da3bf8828603317d) Importer(815301076,1909f56bfc062723c751e8b465ee728b)
Start importing Assets/WalletConnectUnity/Demo/Full Session using Guid(aa7eaecefa43ee44da3bf8828603317d) Importer(815301076,1909f56bfc062723c751e8b465ee728b)  -> (artifact id: '6d0bc7a552a749de280e3e58d8be909a') in 0.010519 seconds 
========================================================================
Received Import Request.
  Time since last request: 2.043449 seconds.
  path: Assets/WalletConnectUnity/Demo/Full Session/Scenes
  artifactKey: Guid(021ab984bf7c2024d8ae8f197af7b551) Importer(815301076,1909f56bfc062723c751e8b465ee728b)
Start importing Assets/WalletConnectUnity/Demo/Full Session/Scenes using Guid(021ab984bf7c2024d8ae8f197af7b551) Importer(815301076,1909f56bfc062723c751e8b465ee728b)  -> (artifact id: '03012dad404e44368667bf24e44900af') in 0.009337 seconds 
========================================================================
Received Import Request.
  Time since last request: 0.765064 seconds.
  path: Assets/WalletConnectUnity/Demo/Full Session/Scenes/SampleScene.unity
  artifactKey: Guid(424df8a514da7e34ab000969350e40e6) Importer(815301076,1909f56bfc062723c751e8b465ee728b)
Start importing Assets/WalletConnectUnity/Demo/Full Session/Scenes/SampleScene.unity using Guid(424df8a514da7e34ab000969350e40e6) Importer(815301076,1909f56bfc062723c751e8b465ee728b)  -> (artifact id: '0d24b8acd68022c2fc20cbaab003153a') in 0.009751 seconds 
